\BOOKMARK [1][-]{section.1}{\376\377\000T\000h\000e\000\040\000S\000t\000a\000r\000t\000\040\000o\000f\000\040\000I\000t\000\040\000A\000l\000l}{}% 1
\BOOKMARK [1][-]{section.2}{\376\377\000T\000h\000e\000\040\000B\000e\000a\000u\000t\000y\000\040\000o\000f\000\040\000T\000h\000e\000\040\000`\000s\000e\000x\000p\000r\000'}{}% 2
\BOOKMARK [2][-]{subsection.2.1}{\376\377\000T\000h\000e\000\040\000I\000d\000e\000a\000\040\000o\000f\000\040\000R\000o\000o\000t\000\040\000E\000x\000p\000r\000e\000s\000s\000i\000o\000n\000s}{section.2}% 3
\BOOKMARK [1][-]{section.3}{\376\377\000F\000u\000n\000c\000t\000i\000o\000n\000\040\000d\000e\000f\000a\000u\000l\000t\000s}{}% 4
\BOOKMARK [2][-]{subsection.3.1}{\376\377\000K\000e\000y\000w\000o\000r\000d\000s\000\040\000V\000e\000r\000s\000u\000s\000\040\000F\000u\000n\000c\000t\000i\000o\000n\000s\000\040\000-\000\040\000C\000o\000n\000v\000e\000n\000i\000e\000n\000c\000e}{section.3}% 5
\BOOKMARK [1][-]{section.4}{\376\377\000D\000\040\000A\000P\000I}{}% 6
\BOOKMARK [2][-]{subsection.4.1}{\376\377\000I\000n\000c\000l\000u\000d\000i\000n\000g\000\040\000H\000e\000a\000d\000e\000r\000s}{section.4}% 7
\BOOKMARK [2][-]{subsection.4.2}{\376\377\000A\000\040\000V\000e\000r\000y\000\040\000B\000a\000s\000i\000c\000\040\000L\000i\000b\000r\000a\000r\000y}{section.4}% 8
\BOOKMARK [2][-]{subsection.4.3}{\376\377\000B\000u\000i\000l\000d\000i\000n\000g\000\040\000T\000h\000i\000s\000\040\000L\000i\000b\000r\000a\000r\000y}{section.4}% 9
\BOOKMARK [1][-]{section.5}{\376\377\000S\000L\000i\000s\000p\000\040\000H\000i\000s\000t\000o\000r\000y}{}% 10
\BOOKMARK [2][-]{subsection.5.1}{\376\377\000F\000u\000n\000c\000t\000i\000o\000n\000\040\000C\000h\000o\000i\000c\000e\000s}{section.5}% 11
\BOOKMARK [1][-]{section.6}{\376\377\000\050\000D\000\040\000A\000P\000I\000\051\000\040\000D\000e\000p\000r\000e\000c\000a\000t\000i\000o\000n}{}% 12
\BOOKMARK [2][-]{subsection.6.1}{\376\377\000O\000l\000d\000\040\000S\000L\000i\000s\000p\000\040\000V\000e\000r\000s\000u\000s\000\040\000M\000o\000d\000e\000r\000n\000\040\000S\000L\000i\000s\000p}{section.6}% 13
\BOOKMARK [1][-]{section.7}{\376\377\000T\000h\000e\000\040\000S\000t\000a\000n\000d\000a\000r\000d\000\040\000L\000i\000b\000r\000a\000r\000y}{}% 14
\BOOKMARK [2][-]{subsection.7.1}{\376\377\000B\000a\000s\000e}{section.7}% 15
\BOOKMARK [3][-]{subsubsection.7.1.1}{\376\377\000p\000r\000i\000n\000t\000\040\000\050\000\046\000r\000e\000s\000t\000\040\000t\000e\000x\000t\000\051}{subsection.7.1}% 16
\BOOKMARK [3][-]{subsubsection.7.1.2}{\376\377\000p\000r\000i\000n\000t\000l\000n\000\040\000\050\000\046\000r\000e\000s\000t\000\040\000t\000e\000x\000t\000\051}{subsection.7.1}% 17
\BOOKMARK [3][-]{subsubsection.7.1.3}{\376\377\000n\000u\000l\000l\000\040\000o\000b\000j\000\040\000\050\000b\000o\000o\000l\000e\000a\000n\000\051}{subsection.7.1}% 18
\BOOKMARK [3][-]{subsubsection.7.1.4}{\376\377\000t\000y\000p\000e\000\040\000o\000b\000j\000\040\000\050\000s\000t\000r\000\051}{subsection.7.1}% 19
\BOOKMARK [3][-]{subsubsection.7.1.5}{\376\377\000r\000e\000t\000u\000r\000n\000\040\000o\000b\000j\000\040\000\050\000>\000\040\000a\000n\000y\000\051}{subsection.7.1}% 20
\BOOKMARK [3][-]{subsubsection.7.1.6}{\376\377\000p\000o\000s\000i\000t\000i\000o\000n\000\040\000\173\000l\000i\000s\000t\000\175\000\040\000p\000o\000s\000\040\000\050\000>\000\040\000l\000i\000s\000t\000@\000p\000o\000s\000\051}{subsection.7.1}% 21
\BOOKMARK [3][-]{subsubsection.7.1.7}{\376\377\000s\000t\000r\000c\000a\000t\000\040\000\173\000s\000t\000r\0001\000\175\000\040\000\173\000s\000t\000r\0002\000\175\000\040\000\050\000>\000\040\000s\000t\000r\000\051}{subsection.7.1}% 22
\BOOKMARK [3][-]{subsubsection.7.1.8}{\376\377\000s\000t\000r\000i\000n\000g\000-\000t\000r\000i\000m\000\040\000\173\000s\000t\000r\000i\000n\000g\000\175}{subsection.7.1}% 23
\BOOKMARK [3][-]{subsubsection.7.1.9}{\376\377\000s\000u\000b\000s\000t\000r\000\040\000\173\000s\000t\000r\000i\000n\000g\000\175\000\040\000\173\000s\000t\000a\000r\000t\000\175\000\040\000\173\000e\000n\000d\000\175\000\040\000\050\000>\000\040\000s\000t\000r\000\051}{subsection.7.1}% 24
\BOOKMARK [3][-]{subsubsection.7.1.10}{\376\377\000l\000e\000n\000g\000t\000h\000\040\000\173\000o\000b\000j\000e\000c\000t\000\040\000[\000s\000t\000r\000i\000n\000g\000\040\000|\000\040\000l\000i\000s\000t\000]\000\175}{subsection.7.1}% 25
\BOOKMARK [2][-]{subsection.7.2}{\376\377\000F\000i\000l\000e\000S\000y\000s\000t\000e\000m}{section.7}% 26
\BOOKMARK [3][-]{subsubsection.7.2.1}{\376\377\000p\000r\000o\000b\000e\000-\000f\000i\000l\000e\000\040\000\173\000n\000a\000m\000e\000\175}{subsection.7.2}% 27
\BOOKMARK [3][-]{subsubsection.7.2.2}{\376\377\000i\000m\000p\000o\000r\000t\000\040\000\173\000m\000o\000d\000n\000a\000m\000e\000\175}{subsection.7.2}% 28
\BOOKMARK [3][-]{subsubsection.7.2.3}{\376\377\000r\000e\000q\000u\000i\000r\000e\000\040\000\173\000m\000o\000d\000n\000a\000m\000e\000\175}{subsection.7.2}% 29
\BOOKMARK [3][-]{subsubsection.7.2.4}{\376\377\000a\000p\000p\000e\000n\000d\000\040\000\173\000l\000i\000s\000t\000\175\000\040\000\173\000o\000b\000j\000\175}{subsection.7.2}% 30
\BOOKMARK [2][-]{subsection.7.3}{\376\377\000I\000t\000e\000r\000a\000t\000i\000o\000n}{section.7}% 31
\BOOKMARK [3][-]{subsubsection.7.3.1}{\376\377\000w\000h\000i\000l\000e\000\040\000\173\000c\000o\000n\000d\000\175\000\040\000\173\000f\000o\000r\000m\000*\000\175}{subsection.7.3}% 32
\BOOKMARK [3][-]{subsubsection.7.3.2}{\376\377\000u\000n\000t\000i\000l\000\040\000\173\000c\000o\000n\000d\000\175\000\040\000\173\000f\000o\000r\000m\000\175}{subsection.7.3}% 33
\BOOKMARK [3][-]{subsubsection.7.3.3}{\376\377\000w\000i\000t\000h\000\040\000\173\000s\000c\000o\000p\000e\000\175\000\040\000\173\000f\000o\000r\000m\000\175}{subsection.7.3}% 34
\BOOKMARK [2][-]{subsection.7.4}{\376\377\000O\000p\000e\000r\000a\000t\000o\000r\000s}{section.7}% 35
\BOOKMARK [3][-]{subsubsection.7.4.1}{\376\377\000+\000\040\000\050\000\046\000r\000e\000s\000t\000\040\000n\000u\000m\000s\000\051}{subsection.7.4}% 36
\BOOKMARK [3][-]{subsubsection.7.4.2}{\376\377\000/\000\040\000\046\000r\000e\000s\000t\000\040\000n\000u\000m\000s}{subsection.7.4}% 37
\BOOKMARK [3][-]{subsubsection.7.4.3}{\376\377\000*\000\040\000\046\000r\000e\000s\000t\000\040\000n\000u\000m\000s}{subsection.7.4}% 38
\BOOKMARK [3][-]{subsubsection.7.4.4}{\376\377\000\045\000\040\000\173\000m\000o\000d\0001\000\175\000\040\000\173\000m\000o\000d\0002\000\175}{subsection.7.4}% 39
\BOOKMARK [2][-]{subsection.7.5}{\376\377\000C\000o\000p\000y\000-\000a\000n\000d\000-\000w\000r\000i\000t\000e}{section.7}% 40
\BOOKMARK [3][-]{subsubsection.7.5.1}{\376\377\000t\000r\000u\000n\000c\000a\000t\000e\000\040\000\173\000l\000i\000s\000t\000\175\000\040\000\173\000b\000o\000u\000n\000d\0001\000\175\000\040\000\173\000b\000o\000u\000n\000d\0002\000\175}{subsection.7.5}% 41
\BOOKMARK [2][-]{subsection.7.6}{\376\377\000M\000a\000t\000h}{section.7}% 42
\BOOKMARK [3][-]{subsubsection.7.6.1}{\376\377\000i\000n\000t\000e\000r\000s\000e\000c\000t\000i\000o\000n\000\040\000\173\000l\000i\000s\000t\0001\000\175\000\040\000\173\000l\000i\000s\000t\0002\000\175}{subsection.7.6}% 43
\BOOKMARK [3][-]{subsubsection.7.6.2}{\376\377\000a\000t\000a\000n\000\040\000\173\000\046\000r\000e\000a\000l\000\040\000x\000\175}{subsection.7.6}% 44
\BOOKMARK [3][-]{subsubsection.7.6.3}{\376\377\000s\000i\000n\000\040\000\173\000\046\000r\000e\000a\000l\000\040\000x\000\175}{subsection.7.6}% 45
\BOOKMARK [1][-]{section.8}{\376\377\000M\000a\000t\000h\000\040\000-\000\040\000F\000u\000n\000c\000t\000i\000o\000n\000\040\000B\000i\000n\000d\000s}{}% 46
\BOOKMARK [2][-]{subsubsection.8.0.1}{\376\377\000c\000o\000s\000\040\000\173\000\046\000r\000e\000a\000l\000\040\000x\000\175}{section.8}% 47
\BOOKMARK [3][-]{subsubsection.8.0.2}{\376\377\000t\000a\000n\000\040\000\173\000\046\000r\000e\000a\000l\000\040\000x\000\175}{subsubsection.8.0.1}% 48
\BOOKMARK [3][-]{subsubsection.8.0.3}{\376\377\000a\000s\000i\000n\000\040\000\173\000\046\000r\000e\000a\000l\000\040\000x\000\175}{subsubsection.8.0.1}% 49
\BOOKMARK [3][-]{subsubsection.8.0.4}{\376\377\000a\000c\000o\000s\000\040\000\173\000\046\000r\000e\000a\000l\000\040\000x\000\175}{subsubsection.8.0.1}% 50
\BOOKMARK [3][-]{subsubsection.8.0.5}{\376\377\000a\000s\000i\000n\000h\000\040\000\173\000\046\000r\000e\000a\000l\000\040\000x\000\175}{subsubsection.8.0.1}% 51
\BOOKMARK [2][-]{subsection.8.1}{\376\377\000C\000o\000n\000d\000i\000t\000i\000o\000n\000a\000l\000\040\000S\000t\000a\000t\000e\000m\000e\000n\000t\000s}{section.8}% 52
\BOOKMARK [3][-]{subsubsection.8.1.1}{\376\377\000i\000f\000\040\000[\000s\000t\000a\000t\000]\000\040\000[\000e\000x\000p\000r\000]}{subsection.8.1}% 53
\BOOKMARK [3][-]{subsubsection.8.1.2}{\376\377\000c\000a\000s\000e\000\040\000[\000s\000t\000a\000t\000]\000\040\000[\000t\000r\000u\000e\000-\000e\000x\000p\000r\000]\000\040\000[\000f\000a\000l\000s\000e\000-\000e\000x\000p\000r\000]}{subsection.8.1}% 54
